<?xml version="1.0" encoding="utf-8"?><testsuites name="pytest tests"><testsuite name="pytest" errors="0" failures="0" skipped="0" tests="29" time="0.442" timestamp="2026-09-03T18:59:11.285292+05:30" hostname="NDI-LAP-347"><testcase classname="tests.test_billing_upgrade" name="test_charge_card_success_for_non_fail_email" time="0.001" /><testcase classname="tests.test_billing_upgrade" name="test_charge_card_declines_fail_prefixed_email" time="0.001" /><testcase classname="tests.test_billing_upgrade" name="test_charge_card_deterministic_repeated_calls" time="0.000" /><testcase classname="tests.test_billing_upgrade" name="test_upgrade_preview_returns_prorated_charge" time="0.009" /><testcase classname="tests.test_billing_upgrade" name="test_proration_formula_matches_epic_example" time="0.000" /><testcase classname="tests.test_billing_upgrade" name="test_successful_upgrade_flips_plan_and_quotas" time="0.005" /><testcase classname="tests.test_billing_upgrade" name="test_successful_upgrade_preserves_renew_at" time="0.004" /><testcase classname="tests.test_billing_upgrade" name="test_declined_upgrade_returns_402_with_message" time="0.004" /><testcase classname="tests.test_billing_upgrade" name="test_declined_upgrade_mutates_nothing" time="0.004" /><testcase classname="tests.test_billing_upgrade" name="test_preview_already_premium_returns_409" time="0.005" /><testcase classname="tests.test_billing_upgrade" name="test_upgrade_already_premium_returns_409_and_no_mutation" time="0.005" /><testcase classname="tests.test_billing_upgrade" name="test_preview_requires_known_email" time="0.005" /><testcase classname="tests.test_billing_upgrade" name="test_upgrade_requires_known_email" time="0.004" /><testcase classname="tests.test_billing_upgrade" name="test_billing_endpoint_exposes_plan_name" time="0.004" /><testcase classname="tests.test_billing_upgrade_api_contract" name="test_preview_response_code_200_on_success" time="0.004" /><testcase classname="tests.test_billing_upgrade_api_contract" name="test_preview_response_code_401_unauthenticated" time="0.004" /><testcase classname="tests.test_billing_upgrade_api_contract" name="test_upgrade_response_code_200_on_success" time="0.004" /><testcase classname="tests.test_billing_upgrade_api_contract" name="test_upgrade_response_code_401_unauthenticated" time="0.004" /><testcase classname="tests.test_billing_upgrade_api_contract" name="test_upgrade_response_code_402_on_decline" time="0.004" /><testcase classname="tests.test_billing_upgrade_api_contract" name="test_upgrade_request_validation_missing_email_field" time="0.006" /><testcase classname="tests.test_billing_upgrade_api_contract" name="test_upgrade_request_validation_wrong_type" time="0.004" /><testcase classname="tests.test_billing_upgrade_api_contract" name="test_preview_request_validation_missing_query_param" time="0.006" /><testcase classname="tests.test_billing_upgrade_api_contract" name="test_preview_response_schema" time="0.004" /><testcase classname="tests.test_billing_upgrade_api_contract" name="test_upgrade_success_response_schema" time="0.005" /><testcase classname="tests.test_billing_upgrade_api_contract" name="test_already_premium_error_shape" time="0.008" /><testcase classname="tests.test_billing_upgrade_api_contract" name="test_unauthenticated_error_shape" time="0.004" /><testcase classname="tests.test_billing_upgrade_api_contract" name="test_role_based_authorization_not_applicable" time="0.001" /><testcase classname="tests.test_smoke" name="test_app_exists" time="0.000" /><testcase classname="tests.test_smoke" name="test_seed_data_shapes" time="0.000" /></testsuite></testsuites>